0000000000000000 b _TLS_MODULE_BASE_
0000000000000000 a __start__
0000000000000000 T _start
0000000000000000 0000000000000004 b fsdev_last_result
0000000000000008 0000000000000401 B __nx_dev_path_buf
00000000000000e0 T __nx_exit
00000000000000f0 T __nx_mod0
0000000000000140 0000000000000034 T exit
0000000000000180 0000000000000054 T main
00000000000001e0 t __do_global_dtors_aux
0000000000000240 t frame_dummy
0000000000000270 00000000000002b0 T donut
000000000000040c 0000000000000004 b g_fsPriority
0000000000000520 0000000000000018 t _appletInfiniteSleepLoop
0000000000000540 0000000000000108 t _appletCmdGetSession
0000000000000650 00000000000000cc t _appletCmdInU8NoOut
0000000000000720 00000000000000cc t _appletCmdInU32NoOut
00000000000007f0 000000000000012c t _appletGetSessionProxy.constprop.0
0000000000000920 0000000000000148 t _appletOpenLibraryAppletProxy.constprop.0
0000000000000a70 00000000000000f8 t _appletCmdGetEvent
0000000000000b70 00000000000000d4 t _appletCmdNoInOutU8.isra.0
0000000000000c50 00000000000000d4 t _appletCmdNoInOutU32.isra.0
0000000000000d30 00000000000000d4 t _appletCmdNoInOutU64.isra.0
0000000000000e10 00000000000000c0 t _appletCmdNoIO.isra.0
0000000000000ed0 0000000000000010 T appletGetAppletType
0000000000000ee0 00000000000001b8 T appletSetFocusHandlingMode
00000000000010a0 000000000000005c T appletSetCpuBoostMode
0000000000001100 000000000000002c T appletCreateManagedDisplayLayer
0000000000001130 000000000000000c T appletGetAppletResourceUserId
0000000000001140 0000000000000138 t _appletHolderCreateState
0000000000001280 00000000000000b0 T appletHolderClose
0000000000001330 0000000000000024 T appletHolderGetLibraryAppletInfo
0000000000001360 0000000000000090 T appletNotifyRunning
00000000000013f0 0000000000000078 T appletSetGamePlayRecordingState
0000000000001470 0000000000000ad4 t _appletCleanup
0000000000001f50 0000000000000048 T appletExit
0000000000001fa0 0000000000000040 T appletGetLibraryAppletInfo
0000000000001fe0 0000000000000c14 T appletInitialize
0000000000002c00 0000000000000024 t _appletExitProcess
0000000000002c30 0000000000000074 T appletGetMessage
0000000000002cb0 0000000000000264 T appletProcessMessage
0000000000002f20 0000000000000034 T appletMainLoop
0000000000002f60 00000000000000cc t _smCmifCmdInPid
0000000000003030 0000000000000078 t _smCleanup
00000000000030b0 0000000000000048 T smAddOverrideHandle
0000000000003100 0000000000000054 T smGetServiceOverride
0000000000003160 00000000000001ac T smInitialize
0000000000003310 0000000000000048 T smExit
0000000000003360 00000000000000d0 T smGetServiceOriginal
0000000000003430 0000000000000120 T smGetServiceWrapper
0000000000003550 000000000000000c T nwindowGetDefault
0000000000003560 00000000000000a4 T __nx_win_init
0000000000003610 0000000000000034 T __nx_win_exit
0000000000003650 0000000000000024 T nwindowIsValid
0000000000003680 000000000000007c T nwindowClose
0000000000003700 00000000000000f8 T nwindowCreate
0000000000003800 0000000000000038 T nwindowCreateFromLayer
0000000000003840 0000000000000084 T nwindowSetDimensions
00000000000038d0 0000000000000040 T nwindowSetSwapInterval
0000000000003910 0000000000000180 T nwindowConfigureBuffer
0000000000003a90 00000000000001cc T nwindowDequeueBuffer
0000000000003c60 000000000000012c T nwindowQueueBuffer
0000000000003d90 00000000000000bc T nwindowReleaseBuffers
0000000000003e50 000000000000001c W diagAbortWithResult
0000000000003e70 0000000000000208 T envSetup
0000000000004080 0000000000000020 T envGetMainThreadHandle
00000000000040a0 000000000000000c T envIsNso
00000000000040b0 0000000000000014 T envHasHeapOverride
00000000000040d0 000000000000000c T envGetHeapOverrideAddr
00000000000040e0 000000000000000c T envGetHeapOverrideSize
00000000000040f0 0000000000000014 T envHasArgv
0000000000004110 000000000000000c T envGetArgv
0000000000004120 000000000000000c T envGetExitFuncPtr
0000000000004130 000000000000000c T envSetExitFuncPtr
0000000000004140 000000000000000c T envHasRandomSeed
0000000000004150 0000000000000010 T envGetRandomSeed
0000000000004160 0000000000000014 T hosversionGet
0000000000004180 0000000000000010 T hosversionSet
0000000000004190 000000000000009c T padConfigureInput
0000000000004230 0000000000000024 T padInitializeWithMask
0000000000004260 000000000000029c T padUpdate
0000000000004500 0000000000000050 t consoleDrawChar
0000000000004550 00000000000000b8 t consoleNewRow
0000000000004610 0000000000000194 t consolePrintChar.part.0
00000000000047b0 0000000000000df8 t con_write
00000000000055b0 0000000000000160 T consoleInit
0000000000005710 0000000000000044 T consoleExit
0000000000005760 000000000000002c T consoleUpdate
0000000000005790 00000000000001bc t ConsoleSwRenderer_drawChar
0000000000005950 00000000000000e8 t ConsoleSwRenderer_init
0000000000005a40 0000000000000078 t ConsoleSwRenderer_flushAndSwap
0000000000005ac0 00000000000000dc t ConsoleSwRenderer_scrollWindow
0000000000005ba0 0000000000000050 t ConsoleSwRenderer_deinit
0000000000005bf0 000000000000000c W getDefaultConsoleRenderer
0000000000005bfc T svcSetHeapSize
0000000000005c10 T svcSetMemoryPermission
0000000000005c18 T svcSetMemoryAttribute
0000000000005c20 T svcUnmapMemory
0000000000005c28 T svcQueryMemory
0000000000005c3c T svcExitProcess
0000000000005c44 T svcSleepThread
0000000000005c4c T svcMapSharedMemory
0000000000005c54 T svcUnmapSharedMemory
0000000000005c5c T svcCreateTransferMemory
0000000000005c70 T svcCloseHandle
0000000000005c78 T svcResetSignal
0000000000005c80 T svcWaitSynchronization
0000000000005c94 T svcArbitrateLock
0000000000005c9c T svcArbitrateUnlock
0000000000005ca4 T svcWaitProcessWideKeyAtomic
0000000000005cac T svcSignalProcessWideKey
0000000000005cb4 T svcConnectToNamedPort
0000000000005cc8 T svcSendSyncRequest
0000000000005cd0 T svcBreak
0000000000005cd8 T svcReturnFromException
0000000000005ce0 T svcGetInfo
0000000000005cf4 T svcUnmapTransferMemory
0000000000005d00 000000000000000c T eventLoadRemote
0000000000005d10 0000000000000034 T eventWait
0000000000005d50 0000000000000054 T eventClose
0000000000005db0 00000000000000c8 T mutexLock
0000000000005e80 0000000000000068 T mutexUnlock
0000000000005ef0 000000000000001c T mutexIsLockedByCurrentThread
0000000000005f10 0000000000000050 T rmutexLock
0000000000005f60 0000000000000018 T rmutexUnlock
0000000000005f80 00000000000000a8 T tmemCreate
0000000000006030 0000000000000034 T tmemUnmap
0000000000006070 0000000000000030 T tmemCloseHandle
00000000000060a0 000000000000009c T tmemWaitForPermission
0000000000006140 0000000000000050 T tmemClose
0000000000006190 0000000000000064 t _memregionInitWithInfo
0000000000006200 0000000000000004 W __libnx_virtmem_rng
0000000000006210 0000000000000164 t _memregionFindRandom
0000000000006380 0000000000000140 T virtmemSetup
00000000000064c0 000000000000000c T virtmemLock
00000000000064d0 000000000000000c T virtmemUnlock
00000000000064e0 0000000000000050 T virtmemFindAslr
0000000000006530 000000000000057c T waitObjects
0000000000006ab0 00000000000000d4 t _apmCleanup
0000000000006b90 0000000000000194 T apmInitialize
0000000000006d30 0000000000000048 T apmExit
0000000000006d80 00000000000000c8 T apmSetPerformanceConfiguration
0000000000006e50 000000000000012c t _hidCleanup
0000000000006f80 00000000000000d4 t _hidCmdInAruidNoOut
0000000000007060 00000000000000e0 t _hidCmdInU32AruidNoOut
0000000000007140 0000000000000194 t _hidGetStates
00000000000072e0 000000000000026c T hidInitialize
0000000000007550 0000000000000048 T hidExit
00000000000075a0 000000000000000c T hidGetSharedmemAddr
00000000000075b0 0000000000000090 T hidGetNpadStyleSet
0000000000007640 0000000000000084 T hidInitializeNpad
00000000000076d0 00000000000000a4 T hidGetNpadStatesFullKey
0000000000007780 00000000000000a4 T hidGetNpadStatesHandheld
0000000000007830 00000000000000a4 T hidGetNpadStatesJoyDual
00000000000078e0 00000000000000a4 T hidGetNpadStatesJoyLeft
0000000000007990 00000000000000a4 T hidGetNpadStatesJoyRight
0000000000007a40 0000000000000144 T hidGetNpadStatesGc
0000000000007b90 00000000000000a8 T hidGetNpadStatesSystemExt
0000000000007c40 0000000000000008 T hidSetSupportedNpadStyleSet
0000000000007c50 0000000000000100 T hidSetSupportedNpadIdType
0000000000007d50 0000000000000230 t _viCleanup
0000000000007f80 0000000000000100 t _viCmdGetSessionNoParams.constprop.0
0000000000008080 0000000000000368 T viInitialize
00000000000083f0 0000000000000048 T viExit
0000000000008440 000000000000000c T viGetSession_IHOSBinderDriverRelay
0000000000008450 000000000000010c T viOpenDisplay
0000000000008560 00000000000000ec T viCloseDisplay
0000000000008650 00000000000000f4 T viCloseLayer
0000000000008750 0000000000000394 T viCreateLayer
0000000000008af0 00000000000000d8 T viSetLayerScalingMode
0000000000008bd0 0000000000000074 t _nvFenceCleanup
0000000000008c50 0000000000000098 T nvFenceInit
0000000000008cf0 0000000000000048 T nvFenceExit
0000000000008d40 0000000000000290 T nvFenceWait
0000000000008fd0 000000000000007c T nvMultiFenceWait
0000000000009050 0000000000000024 T nvioctlNvhostCtrl_EventSignal
0000000000009080 000000000000003c T nvioctlNvhostCtrl_EventWait
00000000000090c0 0000000000000028 T nvioctlNvhostCtrl_EventWaitAsync
00000000000090f0 0000000000000024 T nvioctlNvhostCtrl_EventRegister
0000000000009120 0000000000000024 T nvioctlNvhostCtrl_EventUnregister
0000000000009150 000000000000001c T binderCreate
0000000000009170 000000000000035c T binderTransactParcel
00000000000094d0 00000000000000e8 T binderConvertErrorCode
00000000000095c0 0000000000000124 T binderAdjustRefcount
00000000000096f0 000000000000009c T binderInitSession
0000000000009790 000000000000005c T binderClose
00000000000097f0 0000000000000154 T binderGetNativeHandle
0000000000009950 00000000000000c8 T bqRequestBuffer
0000000000009a20 0000000000000128 T bqDequeueBuffer
0000000000009b50 00000000000000c8 T bqQueueBuffer
0000000000009c20 0000000000000084 T bqCancelBuffer
0000000000009cb0 00000000000000d0 T bqConnect
0000000000009d80 0000000000000088 T bqDisconnect
0000000000009e10 0000000000000194 T bqSetPreallocatedBuffer
0000000000009fb0 000000000000008c T framebufferMakeLinear
000000000000a040 0000000000000084 T framebufferClose
000000000000a0d0 0000000000000290 T framebufferCreate
000000000000a360 000000000000007c T framebufferBegin
000000000000a3e0 0000000000000198 T framebufferEnd
000000000000a580 0000000000000030 T parcelCreate
000000000000a5b0 0000000000000174 T parcelTransact
000000000000a730 0000000000000080 T parcelWriteData
000000000000a7b0 0000000000000088 T parcelReadData
000000000000a840 0000000000000020 T parcelWriteInt32
000000000000a860 0000000000000020 T parcelWriteUInt32
000000000000a880 000000000000007c T parcelWriteString16
000000000000a900 0000000000000030 T parcelWriteInterfaceToken
000000000000a930 0000000000000024 T parcelReadInt32
000000000000a960 0000000000000068 T parcelReadFlattenedObject
000000000000a9d0 0000000000000044 T parcelWriteFlattenedObject
000000000000aa20 0000000000000004 W __libnx_alloc
000000000000aa30 0000000000000014 W __libnx_aligned_alloc
000000000000aa50 0000000000000004 W __libnx_free
000000000000aa60 0000000000000314 W argvSetup
000000000000ad80 00000000000001fc T __nx_dynamic
000000000000af80 00000000000000d0 W __libnx_initheap
000000000000b050 00000000000000ec W __appInit
000000000000b140 0000000000000044 W __appExit
000000000000b190 000000000000002c W __libnx_init
000000000000b1c0 000000000000001c W __libnx_exit
000000000000b1e0 000000000000001c T __syscall_exit
000000000000b200 0000000000000034 T __syscall_getreent
000000000000b240 0000000000000004 T __syscall_lock_acquire
000000000000b250 0000000000000004 T __syscall_lock_release
000000000000b260 0000000000000004 T __syscall_lock_acquire_recursive
000000000000b270 0000000000000004 T __syscall_lock_release_recursive
000000000000b280 000000000000025c T __libnx_init_time
000000000000b4e0 0000000000000098 T newlibSetup
000000000000b580 00000000000000e8 T nxlinkSetup
000000000000b670 0000000000000010 t fsdev_link
000000000000b680 0000000000000010 t fsdev_dirreset
000000000000b690 0000000000000010 t fsdev_chmod
000000000000b6a0 0000000000000018 t error_cmp
000000000000b6c0 0000000000000020 t fsdev_dirclose
000000000000b6e0 000000000000001c t fsdev_close
000000000000b700 0000000000000074 t fsdev_converttimetoutc
000000000000b780 00000000000000f8 t fsdevFindDevice.part.0
000000000000b880 00000000000001cc t fsdev_fixpath
000000000000ba50 000000000000009c t _fsdevUnmountDeviceStruct.part.0
000000000000baf0 0000000000000010 t fsdev_fchmod
000000000000bb00 0000000000000100 t fsdev_diropen
000000000000bc00 00000000000000f8 t fsdev_statvfs
000000000000bd00 000000000000007c t fsdev_fsync
000000000000bd80 00000000000000ec t fsdev_fstat
000000000000be70 0000000000000094 t fsdev_ftruncate
000000000000bf10 00000000000001d8 t fsdev_stat
000000000000c0f0 000000000000014c t fsdev_rename
000000000000c240 000000000000013c t fsdev_chdir
000000000000c380 00000000000000a4 t fsdev_rmdir
000000000000c430 00000000000000a4 t fsdev_mkdir
000000000000c4e0 00000000000000a4 t fsdev_unlink
000000000000c590 000000000000013c t fsdev_write_safe
000000000000c6d0 0000000000000134 t fsdev_read_safe
000000000000c810 0000000000000100 t fsdev_read
000000000000c910 00000000000001d4 t fsdev_dirnext
000000000000caf0 0000000000000124 t fsdev_write
000000000000cc20 0000000000000110 t fsdev_seek
000000000000cd30 0000000000000230 t fsdev_open
000000000000cf60 0000000000000324 T fsdevMountDevice
000000000000d290 0000000000000040 T fsdevMountSdmc
000000000000d2d0 00000000000000bc T __libnx_init_cwd
000000000000d390 0000000000000064 T fsdevUnmountAll
000000000000d400 0000000000000128 T decode_utf8
000000000000d528 T armDCacheFlush
000000000000d558 t armDCacheFlush_L0
000000000000d574 W __libnx_exception_entry
000000000000d600 t __libnx_exception_entry_start
000000000000d728 t __libnx_exception_entry_abort
000000000000d72c t __libnx_exception_entry_end
000000000000d734 T __libnx_exception_returnentry
000000000000d74c T __aarch64_read_tp
000000000000d760 0000000000000070 T condvarWaitTimeout
000000000000d7d0 0000000000000410 T randomGet
000000000000dbe0 0000000000000020 T randomGet64
000000000000dc00 0000000000000014 T shmemLoadRemote
000000000000dc20 0000000000000070 T shmemMap
000000000000dc90 0000000000000034 T shmemUnmap
000000000000dcd0 000000000000004c T shmemClose
000000000000dd20 00000000000000b0 T __libnx_init_thread
000000000000ddd0 00000000000000b4 t _fsCleanup
000000000000de90 00000000000001c0 t _fsCmdNoIO
000000000000e050 00000000000001e0 t _fsFsCmdWithInPath
000000000000e230 00000000000001f8 t _fsFsCmdWithTwoInPaths
000000000000e430 000000000000028c t _fsFsOpenCommon
000000000000e6c0 00000000000001fc t _fsFsCmdWithInPathAndOutU64
000000000000e8c0 00000000000000f8 t _fsObjectClose
000000000000e9c0 000000000000017c t _fsCmdGetSession.constprop.0
000000000000eb40 00000000000002f8 T fsInitialize
000000000000ee40 0000000000000048 T fsExit
000000000000ee90 0000000000000008 T fsOpenSdCardFileSystem
000000000000eea0 00000000000001ec T fsFsCreateFile
000000000000f090 0000000000000008 T fsFsDeleteFile
000000000000f0a0 0000000000000008 T fsFsCreateDirectory
000000000000f0b0 0000000000000008 T fsFsDeleteDirectory
000000000000f0c0 0000000000000008 T fsFsRenameFile
000000000000f0d0 0000000000000008 T fsFsRenameDirectory
000000000000f0e0 00000000000001f0 T fsFsGetEntryType
000000000000f2d0 0000000000000008 T fsFsOpenFile
000000000000f2e0 0000000000000008 T fsFsOpenDirectory
000000000000f2f0 0000000000000008 T fsFsGetFreeSpace
000000000000f300 0000000000000008 T fsFsGetTotalSpace
000000000000f310 0000000000000230 T fsFsGetFileTimeStampRaw
000000000000f540 0000000000000004 T fsFsClose
000000000000f550 0000000000000214 T fsFileRead
000000000000f770 00000000000001f8 T fsFileWrite
000000000000f970 0000000000000008 T fsFileFlush
000000000000f980 00000000000001c0 T fsFileSetSize
000000000000f980 00000000000001c0 t fsFileSetSize.localalias
000000000000fb40 00000000000001d4 T fsFileGetSize
000000000000fb40 00000000000001d4 t fsFileGetSize.localalias
000000000000fd20 0000000000000004 T fsFileClose
000000000000fd30 0000000000000004 T fsDirClose
000000000000fd40 0000000000000204 T fsDirRead
000000000000ff50 00000000000000d0 t _nvCleanup
0000000000010020 00000000000000d4 t _nvCmdInitialize.constprop.0
0000000000010100 0000000000000018 W __nx_nv_create_tmem
0000000000010120 00000000000003a8 T nvInitialize
00000000000104d0 0000000000000048 T nvExit
0000000000010520 00000000000000f4 T nvConvertError
0000000000010620 0000000000000114 T nvOpen
0000000000010740 0000000000000310 T nvIoctl
0000000000010a50 00000000000000d4 T nvClose
0000000000010b30 000000000000010c T nvQueryEvent
0000000000010c40 00000000000000d0 t _setsysGetFirmwareVersionImpl
0000000000010d10 0000000000000078 t _setsysCleanup
0000000000010d90 00000000000000a0 T setsysInitialize
0000000000010e30 0000000000000048 T setsysExit
0000000000010e80 0000000000000048 T setsysGetFirmwareVersion
0000000000010ed0 000000000000027c t _timeCleanup
0000000000011150 0000000000000100 t _timeCmdGetSession.constprop.0
0000000000011250 0000000000000104 t _timeReadClockFromSharedMem
0000000000011360 0000000000000300 T timeInitialize
0000000000011660 0000000000000048 T timeExit
00000000000116b0 0000000000000038 T timeGetServiceSession_SystemClock
00000000000116f0 00000000000000fc T timeGetCurrentTime
00000000000117f0 0000000000000108 T timeToCalendarTimeWithMyRule
0000000000011900 0000000000000114 T timeToPosixTimeWithMyRule
0000000000011a20 00000000000000ac T nvMapInit
0000000000011ad0 0000000000000074 T nvMapExit
0000000000011b50 000000000000008c T nvMapClose
0000000000011be0 0000000000000160 T nvMapCreate
0000000000011d40 000000000000003c T nvioctlNvmap_Create
0000000000011d80 0000000000000030 T nvioctlNvmap_Alloc
0000000000011db0 0000000000000030 T nvioctlNvmap_Free
0000000000011de0 000000000000003c T nvioctlNvmap_GetId
0000000000011e20 0000000000000184 T sessionmgrCreate
0000000000011fb0 0000000000000084 T sessionmgrClose
0000000000012040 00000000000000a8 T sessionmgrAttachClient
00000000000120f0 0000000000000060 T sessionmgrDetachClient
0000000000012160 00000000000000c4 T strncat
0000000000012240 00000000000000b8 T strnlen
0000000000012300 00000000000000b4 T bsearch
00000000000123c0 000000000000022c T memcpy
00000000000123c0 T memmove
0000000000012600 0000000000000028 T gmtime
0000000000012640 0000000000000104 T memset
0000000000012760 0000000000000080 T printf
00000000000127e0 00000000000001a4 t _strtoul_l.isra.0
00000000000129a0 0000000000000040 T strtoul
00000000000129e0 000000000000002c T aligned_alloc
0000000000012a20 000000000000018c T _memalign_r
0000000000012bc0 0000000000000014 T __errno
0000000000012c00 0000000000000130 T strlen
0000000000012d40 00000000000001b4 T strncmp
0000000000012f00 0000000000000840 T _malloc_r
0000000000013740 000000000000011c T _malloc_trim_r
0000000000013860 00000000000002d8 T _free_r
0000000000013b40 0000000000000278 T setvbuf
0000000000013dc0 000000000000001c t stdio_exit_handler
0000000000013de0 000000000000006c t cleanup_stdio
0000000000013e60 0000000000000128 t global_stdio_init.part.0
0000000000013fa0 000000000000000c T __sfp_lock_acquire
0000000000013fc0 000000000000000c T __sfp_lock_release
0000000000013fe0 0000000000000054 T __sinit
0000000000014040 00000000000000a4 T __libc_init_array
0000000000014100 00000000000000ac T strncpy
00000000000141c0 0000000000000038 T malloc
0000000000014200 000000000000001c T free
0000000000014220 000000000000004c T __sread
0000000000014280 0000000000000070 T __swrite
0000000000014300 0000000000000050 T __sseek
0000000000014360 0000000000000008 T __sclose
0000000000014380 000000000000000c T __malloc_lock
00000000000143a0 000000000000000c T __malloc_unlock
00000000000143c0 0000000000000130 T _fclose_r
0000000000014500 0000000000000020 T putchar
0000000000014520 0000000000000034 T setenv
0000000000014560 0000000000000004 W __call_exitprocs
0000000000014580 0000000000000134 T strcmp
00000000000146c0 0000000000000044 T __libc_fini_array
0000000000014720 00000000000002a0 T gmtime_r
00000000000149c0 0000000000000258 T _setenv_r
0000000000014c20 0000000000000098 T _fwalk_sglue
0000000000014cb8 0000000000000790 t get_arg
0000000000015448 0000000000003bd4 T _vfprintf_r
000000000001901c 00000000000000cc t __sbprintf
0000000000019100 00000000000000d0 T _wcrtomb_r
00000000000191e0 00000000000000b0 T __swhatbuf_r
00000000000192a0 00000000000000e8 T __smakebuf_r
00000000000193a0 000000000000002c T __locale_mb_cur_max
00000000000193e0 00000000000001ec T __sflush_r
00000000000195e0 00000000000000bc T _fflush_r
00000000000196a0 0000000000000038 T __sprint_r
00000000000196e0 00000000000000e4 T _putc_r
00000000000197e0 00000000000001a4 t quorem
00000000000199a0 00000000000012f0 T _dtoa_r
000000000001aca0 0000000000000118 T __swbuf_r
000000000001adc0 0000000000000010 T _wcsrtombs_r
000000000001ade0 000000000000012c T __swsetup_r
000000000001af20 00000000000000f4 T _findenv_r
000000000001b020 0000000000000008 T __localeconv_l
000000000001b040 0000000000000028 T _localeconv_r
000000000001b080 0000000000000568 T _realloc_r
000000000001b600 00000000000000e0 T __utf8_wctomb
000000000001b6e0 0000000000000188 T _wcsnrtombs_l
000000000001b880 0000000000000054 T _wcsnrtombs_r
000000000001b900 00000000000000dc T memchr
000000000001b9e0 000000000000007c T frexp
000000000001ba80 00000000000000cc T strchr
000000000001bb60 000000000000000c T __env_lock
000000000001bb80 000000000000000c T __env_unlock
000000000001bba0 0000000000000064 T __assert_func
000000000001bc20 00000000000000a4 T _Balloc
000000000001bce0 0000000000000020 T _Bfree
000000000001bd00 0000000000000118 T __multadd
000000000001be20 0000000000000094 T __hi0bits
000000000001bec0 0000000000000100 T __lo0bits
000000000001bfc0 000000000000004c T __i2b
000000000001c020 0000000000000210 T __multiply
000000000001c240 0000000000000104 T __pow5mult
000000000001c360 0000000000000174 T __lshift
000000000001c4e0 0000000000000050 T __mcmp
000000000001c540 00000000000001c4 T __mdiff
000000000001c720 000000000000014c T __d2b
000000000001c880 00000000000002dc T __utf8_mbtowc
000000000001cb60 0000000000000080 T fiprintf
000000000001cbe0 00000000000004a4 T __sfvwrite_r
000000000001d0a0 0000000000000018 T abort
000000000001d0c0 00000000000000bc T _calloc_r
000000000001d17c 0000000000000790 t get_arg
000000000001d90c 0000000000002964 T _vfiprintf_r
0000000000020270 00000000000000cc t __sbprintf
0000000000020340 000000000000009c T _raise_r
00000000000203e0 000000000000001c T raise
0000000000020400 0000000000000020 T _exit
0000000000020420 000000000000016c T chdir
00000000000205a0 0000000000000218 T _concatenate_path
00000000000207c0 000000000000009c T _fstat_r
0000000000020860 0000000000000010 T _getpid_r
0000000000020880 0000000000000020 T __getreent
00000000000208a0 0000000000000060 T __get_handle
0000000000020900 00000000000000f4 T _close_r
0000000000020a00 0000000000000008 t null_write
0000000000020a20 0000000000000018 T setDefaultDevice
0000000000020a40 00000000000000b8 T FindDevice
0000000000020b00 000000000000002c T RemoveDevice
0000000000020b40 00000000000000a4 T AddDevice
0000000000020c00 0000000000000034 T GetDeviceOpTab
0000000000020c40 0000000000000008 T _isatty_r
0000000000020c60 0000000000000010 T _kill_r
0000000000020c80 00000000000000a0 T _lseek_r
0000000000020d20 00000000000000b0 T _read_r
0000000000020de0 0000000000000078 W _sbrk_r
0000000000020e60 0000000000000014 T __libc_lock_acquire
0000000000020e80 0000000000000014 T __libc_lock_release
0000000000020ea0 0000000000000014 T __libc_lock_acquire_recursive
0000000000020ec0 0000000000000014 T __libc_lock_release_recursive
0000000000020ee0 00000000000000b0 T _write_r
0000000000020fa0 0000000000000380 t __trunctfdf2
0000000000021320 0000000000000070 t __sfp_handle_exceptions
00000000000213c0 0000000000000104 T strrchr
00000000000214c8 T _init
0000000000021500 T _fini
0000000000022358 0000000000000014 r CSWTCH.1000
0000000000022370 0000000000000024 r s_emptyFence.0
0000000000022510 0000000000000018 r grayScale
0000000000022528 0000000000000006 r colorCube
0000000000022530 0000000000000030 r colorTable
0000000000022560 R default_font_bin
0000000000024560 R default_font_bin_end
00000000000245b0 0000000000000023 r g_bq_InterfaceDescriptor
00000000000245e0 0000000000000038 r g_nvColorFmtTable
0000000000024618 0000000000000020 r error_table
0000000000024680 0000000000000101 R _ctype_
00000000000248c0 0000000000000010 r zeroes.0
00000000000248d0 0000000000000010 r blanks.1
00000000000248e0 000000000000006c R __action_table
0000000000024950 000000000000006c R __state_table
00000000000249c0 0000000000000100 R __chclass
0000000000024ad8 000000000000000c r p05.0
0000000000024ae8 0000000000000028 R __mprec_bigtens
0000000000024b10 00000000000000c8 R __mprec_tens
0000000000024cd0 0000000000000010 r zeroes.0
0000000000024ce0 0000000000000010 r blanks.1
0000000000024cf0 r __tls_align
0000000000024cf8 r __EH_FRAME_BEGIN__
0000000000024cf8 r __eh_frame_hdr_end
0000000000024cf8 r __eh_frame_hdr_start
00000000000297ac r __FRAME_END__
000000000002a000 d __frame_dummy_init_array_entry
000000000002a000 d __init_array_start
000000000002a000 d __preinit_array_end
000000000002a000 d __preinit_array_start
000000000002a000 d __relro_start
000000000002a008 d __do_global_dtors_aux_fini_array_entry
000000000002a008 d __fini_array_start
000000000002a008 d __init_array_end
000000000002a010 d __fini_array_end
000000000002a010 0000000000000100 d dotab_stdout
000000000002a110 0000000000000100 d fsdev_devoptab
000000000002a210 0000000000000100 D dotab_stdnull
000000000002a310 a _DYNAMIC
000000000002a460 a _GLOBAL_OFFSET_TABLE_
000000000002a460 d __got_start__
000000000002a6d8 d __got_end__
000000000002b000 d __data_start
000000000002b000 0000000000000008 V __nx_applet_init_timeout
000000000002b008 0000000000000001 V __nx_applet_auto_notifyrunning
000000000002b00c 0000000000000004 V __nx_applet_type
000000000002b010 0000000000000008 d currentConsole
000000000002b018 0000000000000050 d defaultConsole
000000000002b068 0000000000000088 d s_consoleSwRenderer
000000000002b0f0 0000000000000004 d g_viServiceType
000000000002b0f4 0000000000000004 V __nx_vi_stray_layer_flags
000000000002b0f8 0000000000000004 d g_ctrl_fd
000000000002b100 0000000000000008 V __nx_exception_stack_size
000000000002b108 0000000000000001 V __nx_fsdev_support_cwd
000000000002b10c 0000000000000004 V __nx_fsdev_direntry_cache_size
000000000002b110 0000000000000004 V __nx_fs_num_sessions
000000000002b114 0000000000000004 V __nx_nv_transfermem_size
000000000002b118 0000000000000004 V __nx_nv_service_type
000000000002b11c 0000000000000004 d g_nvmap_fd
000000000002b120 0000000000000008 D _impure_ptr
000000000002b128 0000000000000240 D _impure_data
000000000002b368 0000000000000008 D __malloc_sbrk_base
000000000002b370 0000000000000008 D __malloc_trim_threshold
000000000002b378 0000000000000810 D __malloc_av_
000000000002bb88 0000000000000018 D __sglue
000000000002bba0 0000000000000008 D environ
000000000002bba8 0000000000000290 D __global_locale
000000000002be40 0000000000000400 d _current_working_directory
000000000002c240 0000000000002000 d handles
000000000002e240 0000000000000010 d __stderr_handle
000000000002e250 0000000000000010 d __stdout_handle
000000000002e260 0000000000000010 d __stdin_handle
000000000002e270 0000000000000118 D devoptab_list
000000000002e388 0000000000000004 d defaultDevice
000000000002e390 b __bss_start__
000000000002e390 d __tdata_lma
000000000002e390 d __tdata_lma_end
000000000002e390 b completed.1
000000000002e398 b object.0
000000000002e3c8 0000000000000008 b g_appletGuard
000000000002e3d0 0000000000000001 b g_appletInfoInitialized
000000000002e3d8 0000000000000050 b g_appletInfo
000000000002e428 0000000000000004 b g_appletCpuBoostMode
000000000002e430 000000000000000c b g_appletLibraryAppletLaunchableEvent
000000000002e43c 0000000000000001 b g_appletSuspendedTickInitialized
000000000002e440 0000000000000008 b g_appletSuspendedTick
000000000002e448 0000000000000008 b g_appletInitTickBase
000000000002e450 000000000000000c b g_appletSuspendedTickEvent
000000000002e45c 0000000000000001 b g_appletCopyrightInitialized
000000000002e460 0000000000000028 b g_appletCopyrightTmem
000000000002e488 0000000000000004 b g_appletRecordingInitialized
000000000002e490 0000000000000028 b g_appletRecordingTmem
000000000002e4b8 0000000000000018 b g_appletFirstHook
000000000002e4d0 0000000000000001 b g_appletNotifiedRunning
000000000002e4d1 0000000000000001 b g_appletFocusState
000000000002e4d4 0000000000000004 b g_appletPerformanceMode
000000000002e4d8 0000000000000001 b g_appletOperationMode
000000000002e4e0 0000000000000008 b g_appletResourceUserId
000000000002e4e8 000000000000000c b g_appletMessageEvent
000000000002e4f8 0000000000000010 b g_appletIDebugFunctions
000000000002e508 0000000000000010 b g_appletIDisplayController
000000000002e518 0000000000000010 b g_appletIAudioController
000000000002e528 0000000000000010 b g_appletIWindowController
000000000002e538 0000000000000010 b g_appletISelfController
000000000002e548 0000000000000010 b g_appletICommonStateGetter
000000000002e558 0000000000000010 b g_appletILibraryAppletCreator
000000000002e568 0000000000000010 b g_appletIProcessWindingController
000000000002e578 0000000000000010 b g_appletILibraryAppletSelfAccessor
000000000002e588 0000000000000010 b g_appletIApplicationCreator
000000000002e598 0000000000000010 b g_appletIGlobalStateController
000000000002e5a8 0000000000000010 b g_appletIFunctions
000000000002e5b8 0000000000000010 b g_appletIAppletCommonFunctions
000000000002e5c8 0000000000000004 b g_appletExitProcessResult
000000000002e5cc 0000000000000001 b g_appletExitProcessFlag
000000000002e5cd 0000000000000001 b g_appletLeftInitialized
000000000002e5d0 0000000000000010 b g_appletProxySession
000000000002e5e0 0000000000000010 b g_appletSrv
000000000002e5f0 0000000000000004 V __nx_applet_exit_mode
000000000002e5f8 0000000000000008 V __nx_applet_PerformanceConfiguration
000000000002e600 0000000000000080 V __nx_applet_AppletAttribute
000000000002e680 0000000000000008 b g_smGuard
000000000002e688 0000000000000008 b g_smOverridesNum
000000000002e690 0000000000000180 b g_smOverrides
000000000002e810 0000000000000010 b g_smSrv
000000000002e820 0000000000000080 b g_defaultWin
000000000002e8a0 0000000000000010 b g_viLayer
000000000002e8b0 0000000000000050 b g_viDisplay
000000000002e900 0000000000000008 b g_userIdStorage
000000000002e910 0000000000000010 b g_randomSeed
000000000002e920 0000000000000001 b g_hasRandomSeed
000000000002e924 0000000000000004 b g_lastLoadResult
000000000002e928 0000000000000008 b g_nextLoadArgv
000000000002e930 0000000000000008 b g_nextLoadPath
000000000002e938 0000000000000004 b g_processHandle
000000000002e940 0000000000000018 b g_syscallHints
000000000002e958 0000000000000008 b g_overrideArgv
000000000002e960 0000000000000008 b g_overrideHeapSize
000000000002e968 0000000000000008 b g_overrideHeapAddr
000000000002e970 0000000000000008 b g_loaderRetAddr
000000000002e978 0000000000000004 b g_mainThreadHandle
000000000002e980 0000000000000008 b g_loaderInfoSize
000000000002e988 0000000000000008 b g_loaderInfo
000000000002e990 0000000000000001 b g_isNso
000000000002e994 0000000000000004 b g_hosVersion
000000000002e998 0000000000000001 b didFirstConsoleInit.0
000000000002e9a0 0000000000000068 b escapeSeq
000000000002ea08 0000000000000050 b currentCopy
000000000002ea58 B __stack_top
000000000002ea60 0000000000000001 b g_IsLegacyKernel
000000000002ea68 0000000000000008 b g_Reservations
000000000002ea70 0000000000000010 b g_StackRegion
000000000002ea80 0000000000000010 b g_AslrRegion
000000000002ea90 0000000000000010 b g_HeapRegion
000000000002eaa0 0000000000000010 b g_AliasRegion
000000000002eab0 0000000000000004 b g_VirtmemMutex
000000000002eab8 0000000000000008 b g_apmGuard
000000000002eac0 0000000000000010 b g_apmISession
000000000002ead0 0000000000000010 b g_apmSrv
000000000002eae0 0000000000000008 b g_hidGuard
000000000002eae8 0000000000000008 b g_sevenSixAxisSensorBuffer
000000000002eaf0 0000000000000020 b g_hidSharedmem
000000000002eb10 0000000000000010 b g_hidIActiveVibrationDeviceList
000000000002eb20 0000000000000010 b g_hidIAppletResource
000000000002eb30 0000000000000010 b g_hidSrv
000000000002eb40 0000000000000008 b g_viGuard
000000000002eb48 0000000000000010 b g_viIHOSBinderDriverIndirect
000000000002eb58 0000000000000010 b g_viIManagerDisplayService
000000000002eb68 0000000000000010 b g_viISystemDisplayService
000000000002eb78 0000000000000010 b g_viIHOSBinderDriverRelay
000000000002eb88 0000000000000010 b g_viIApplicationDisplayService
000000000002eb98 0000000000000010 b g_viRootService
000000000002eba8 0000000000000008 V __nx_vi_layer_id
000000000002ebb0 0000000000000008 b g_nvFenceGuard
000000000002ebb8 0000000000000300 b g_NvEvents
000000000002eeb8 0000000000000008 b g_NvEventUsedMask
000000000002eec0 0000000000000008 b g_argv_empty
000000000002eec8 0000000000000008 B __system_argv
000000000002eed0 0000000000000004 B __system_argc
000000000002eee0 0000000000000340 B __nx_exceptiondump
000000000002f220 0000000000000004 V __nx_exception_ignoredebug
000000000002f230 0000000000000400 V __nx_exception_stack
000000000002f630 0000000000000008 V __nx_heap_size
000000000002f638 0000000000000008 b __bootticks
000000000002f640 0000000000000008 b __boottime
000000000002f648 0000000000000004 V __nx_time_type
000000000002f650 0000000000000004 B __nxlink_host
000000000002f660 0000000000002800 b fsdev_fsdevices
0000000000031e60 0000000000000004 b fsdev_fsdevice_cwd
0000000000031e64 0000000000000001 b fsdev_initialised
0000000000031e68 0000000000000004 b g_randMutex
0000000000031e6c 0000000000000001 b g_randInit
0000000000031e70 0000000000000040 b g_chacha
0000000000031eb0 0000000000000038 b g_mainThread
0000000000031ee8 0000000000000008 b g_threadList
0000000000031ef0 0000000000000004 b g_threadMutex
0000000000031ef8 0000000000000008 b g_fsGuard
0000000000031f00 0000000000000054 b g_fsSessionMgr
0000000000031f58 0000000000000010 b g_fsSrv
0000000000031f68 0000000000000008 b g_nvGuard
0000000000031f70 0000000000000028 b g_nvTransfermem
0000000000031f98 0000000000000010 b g_nvSrvClone
0000000000031fa8 0000000000000010 b g_nvSrv
0000000000031fb8 0000000000000008 b g_setsysGuard
0000000000031fc0 0000000000000010 b g_setsysSrv
0000000000031fd0 0000000000000008 b g_timeGuard
0000000000031fd8 0000000000000020 b g_timeSharedmem
0000000000031ff8 0000000000000010 b g_timeLocalSystemClock
0000000000032008 0000000000000010 b g_timeTimeZoneService
0000000000032018 0000000000000010 b g_timeSteadyClock
0000000000032028 0000000000000010 b g_timeNetworkSystemClock
0000000000032038 0000000000000010 b g_timeUserSystemClock
0000000000032048 0000000000000010 b g_timeSrv
0000000000032058 0000000000000004 V __nx_time_service_type
0000000000032060 0000000000000008 b g_nvMapGuard
0000000000032068 0000000000000050 B __malloc_current_mallinfo
00000000000320b8 0000000000000008 B __malloc_max_total_mem
00000000000320c0 0000000000000008 B __malloc_max_sbrked_mem
00000000000320c8 0000000000000008 B __malloc_top_pad
00000000000320d0 0000000000000008 b __sfp_recursive_mutex
00000000000320d8 0000000000000228 B __sf
0000000000032300 0000000000000008 B __stdio_exit_handler
0000000000032308 0000000000000008 b __malloc_recursive_mutex
0000000000032310 0000000000000004 b alloced.0
0000000000032318 0000000000000008 b initial_env
0000000000032320 0000000000000008 b __env_recursive_mutex
0000000000032330 0000000000000400 b temp_cwd
0000000000032730 0000000000000004 b __hndl_lock
0000000000032738 0000000000000008 B fake_heap_start
0000000000032740 0000000000000008 B fake_heap_end
0000000000032748 0000000000000008 b heap_start.0
0000000000032750 b __tls_start
0000000000032b60 b __bss_end__
0000000000032b60 b __end__
0000000000032b60 b __tls_end
0000000000033000 b __argdata__
